Removed Pin From Net: NetName=M14_CSP Pin=J_DIG-5
Removed Pin From Net: NetName=M14_CSN Pin=J_DIG-6
Removed Pin From Net: NetName=M14_SCLKP Pin=J_DIG-7
Removed Pin From Net: NetName=M14_SCLKN Pin=J_DIG-8
Removed Pin From Net: NetName=M1_MISOP Pin=J_DIG-9
Removed Pin From Net: NetName=M1_MISON Pin=J_DIG-10
Removed Pin From Net: NetName=M1_MOSIP Pin=J_DIG-11
Removed Pin From Net: NetName=M1_MOSIN Pin=J_DIG-12
Removed Pin From Net: NetName=M4_MISOP Pin=J_DIG-13
Removed Pin From Net: NetName=M4_MISON Pin=J_DIG-14
Removed Pin From Net: NetName=M4_MOSIP Pin=J_DIG-15
Removed Pin From Net: NetName=M4_MOSIN Pin=J_DIG-16
Removed Pin From Net: NetName=M3_MISOP Pin=J_DIG-17
Removed Pin From Net: NetName=M3_MISON Pin=J_DIG-18
Removed Pin From Net: NetName=M3_MOSIP Pin=J_DIG-19
Removed Pin From Net: NetName=M3_MOSIN Pin=J_DIG-20
Removed Pin From Net: NetName=M2_MISOP Pin=J_DIG-21
Removed Pin From Net: NetName=M2_MISON Pin=J_DIG-22
Removed Pin From Net: NetName=M2_MOSIP Pin=J_DIG-23
Removed Pin From Net: NetName=M2_MOSIN Pin=J_DIG-24
Removed Pin From Net: NetName=VSTIMN Pin=J_PWR-1
Removed Pin From Net: NetName=VSTIMP Pin=J_PWR-2
Removed Pin From Net: NetName=VDD Pin=J_PWR-3
Removed Pin From Net: NetName=GND Pin=J_PWR-4
Change Component Footprint: Designator=J_PWR Old Footprint=691137710004 New Footprint=PHOE-1729128-2_V
Change Component Comment : Designator=J_PWR Old Comment=691137710004 New Comment=1729128
Change Managed Component Library Link : Designator=J_PWR Old VaultGUID=B7D15EC3-160A-466F-A46C-7801FE6295A7 New VaultGUID=B7D15EC3-160A-466F-A46C-7801FE6295A7 Old ItemGUID=F4299699-46F2-4B5E-8782-5FAB368B845E New ItemGUID=58729953-4722-41A9-B906-BA8DA7B62630 Old RevisionGUID=D7AA353B-BD60-4D79-9330-68B392C785F4 New RevisionGUID=B110E1D3-D299-4429-8471-60EB6941D726
Change component parameters: Designator = "J_PWR" ("J_PWR"); Footprint = "691137710004"; UniqueID = "\ZCEWMNUS" ("\ZCEWMNUS")
Change component parameters (AddParameter): Name = "Current Rating"; Value = "13500mA"; VariantName = "[No Variations]"
Change component parameters (AddParameter): Name = "Datasheet URL"; Value = "https://datasheet.ciiva.com/16046/1729128-16046181.pdf"; VariantName = "[No Variations]"
Change component parameters (AddParameter): Name = "Datasheet Version"; Value = "12/2013"; VariantName = "[No Variations]"
Change component parameters (AddParameter): Name = "Manufacturer"; Value = "Phoenix Contact"; VariantName = "[No Variations]"
Change component parameters (AddParameter): Name = "Manufacturer URL"; Value = "http://www.phoenixcontact.com/"; VariantName = "[No Variations]"
Change component parameters (AddParameter): Name = "Mounting Technology"; Value = "ThroughHole"; VariantName = "[No Variations]"
Change component parameters (AddParameter): Name = "No. of Positions"; Value = "2"; VariantName = "[No Variations]"
Change component parameters (AddParameter): Name = "No. of Rows"; Value = "1"; VariantName = "[No Variations]"
Change component parameters (AddParameter): Name = "Orientation"; Value = "Horizontal"; VariantName = "[No Variations]"
Change component parameters (AddParameter): Name = "Package Description"; Value = "2-Pin Through Hole Device, Body 8.1 x 10.16 mm, Pitch 5.08 mm"; VariantName = "[No Variations]"
Change component parameters (AddParameter): Name = "Package Reference"; Value = "1729128-2"; VariantName = "[No Variations]"
Change component parameters (AddParameter): Name = "Package URL"; Value = "https://www.phoenixcontact.com/online/portal/pi/pxc/product_detail_page/!ut/p/b1/3VdJjqNKFDxLH8AFycySyWY2ozFsEPOMMQaDOX1XedGL_1Vdm5YXJleknhSKeBkvI6EA8ncAo3AYoDhBQGco6KN7VURTdemj9us_IEKEZo_YHiPAEWEFmDGOHMORkqKYCORBZxgL7ZoaZYcbFFUZ3fqxSY6GOuxydWUuHqz1ynmMFygu583Bob0Ewr6Sd_l-5m-kAueHiB0jpRwZwe58wwtkpxtMYd_LmGcDRU02dRNEyWt6Y2ti5pSyJ_reIkzIulrqApdnbT11V5jnCKbYNCvhEM1MCpPByat_X379-iThf08CI5GfOPqfBeS3BRoBOdD55AKVv0iLwCMq-2BrzXWSGRH7pUGD9uwXQjiph3xL0DKQwdGa0JImiIOmBNOestqgwTHSSs2oOep-78apyXQBvNi8ZLaFjvjWvcaUEBu0MC6Wbe-d6mB0FAebo2lUWinqYaZs5DAYzV0RP9yitUjnGJ0iI9xhZkT42OCQNUJJhkgWINNQLP2JFP6OpMg3JCVg70jqHT0lvKOnhHf0lPuOnnLf0VPuWx6_dxwUIvwk5WMkT0kLL1mh61l2yZVSzG3pYV_bqo-mj6uMKwKwdnnW8Jh5RTOJzMOA5c-eJDaZQw4mTMPH02PvS_ZAqNVjVTo2WyYLkwH_KU1mmmG5kjRhDqPXLwwVHvVOjCM60-fpXvTDfMGW1PVFVS1r4e4yVDk4ZdNbkUHvqPqQSeian4UD39fNKmachqdJ1NJbyk8rXT9mXTvPk3oE5meulKGgiruPJek-4I9hTT6G8ZLOyRSm2RRVbThERQad5OS28hdt4YW4vG0stgYYzsWsK4_7y6DZMjJSCqri1kyiZR5vD7pwIrNR7QwPHTcLTI5qT7eRlpHrdGiupYlqQDJ7zy_CND8fWWBoLRXxk1RVcXiBQwbTD4Xi7KL-FuO94t9xaqweXzH"; VariantName = "[No Variations]"
Change component parameters (AddParameter): Name = "Package Version"; Value = "03/2015"; VariantName = "[No Variations]"
Change component parameters (AddParameter): Name = "Packing"; Value = "Bulk"; VariantName = "[No Variations]"
Change component parameters (AddParameter): Name = "PartNumber"; Value = "1729128"; VariantName = "[No Variations]"
Change component parameters (AddParameter): Name = "Pitch"; Value = "5.08mm"; VariantName = "[No Variations]"
Change component parameters (AddParameter): Name = "RoHS"; Value = "TRUE"; VariantName = "[No Variations]"
Change component parameters (AddParameter): Name = "Voltage Rating"; Value = "400V"; VariantName = "[No Variations]"
Added Pin To Net: NetName=M1_MISOP Pin=J_DIG-5
Added Pin To Net: NetName=M1_MISON Pin=J_DIG-6
Added Pin To Net: NetName=M1_MOSIP Pin=J_DIG-7
Added Pin To Net: NetName=M1_MOSIN Pin=J_DIG-8
Added Pin To Net: NetName=M4_MISOP Pin=J_DIG-9
Added Pin To Net: NetName=M4_MISON Pin=J_DIG-10
Added Pin To Net: NetName=M4_MOSIP Pin=J_DIG-11
Added Pin To Net: NetName=M4_MOSIN Pin=J_DIG-12
Added Pin To Net: NetName=M14_CSP Pin=J_DIG-13
Added Pin To Net: NetName=M14_CSN Pin=J_DIG-14
Added Pin To Net: NetName=M14_SCLKP Pin=J_DIG-15
Added Pin To Net: NetName=M14_SCLKN Pin=J_DIG-16
Added Pin To Net: NetName=M2_MISOP Pin=J_DIG-17
Added Pin To Net: NetName=M2_MISON Pin=J_DIG-18
Added Pin To Net: NetName=M2_MOSIP Pin=J_DIG-19
Added Pin To Net: NetName=M2_MOSIN Pin=J_DIG-20
Added Pin To Net: NetName=M3_MISOP Pin=J_DIG-21
Added Pin To Net: NetName=M3_MISON Pin=J_DIG-22
Added Pin To Net: NetName=M3_MOSIP Pin=J_DIG-23
Added Pin To Net: NetName=M3_MOSIN Pin=J_DIG-24
Added Pin To Net: NetName=M23_SCLKP Pin=J_DIG-25
Added Pin To Net: NetName=M23_SCLKN Pin=J_DIG-26
Added Pin To Net: NetName=M23_CSP Pin=J_DIG-27
Added Pin To Net: NetName=M23_CSN Pin=J_DIG-28
Added Pin To Net: NetName=GND Pin=J_PWR-1
Added Pin To Net: NetName=GND Pin=J_PWR-2
Added Member To Class: ClassName=Headstage_V002 Member=Component M3 Intan_RHS2116_Module
