Removed Pin From Net: NetName=DGND Pin=C1-1
Removed Pin From Net: NetName=+3.3VDD Pin=C1-2
Removed Pin From Net: NetName=GTX116_TXP3 Pin=C2-2
Removed Pin From Net: NetName=GTX116_TXN3 Pin=C3-2
Removed Pin From Net: NetName=GTX116_RXN3 Pin=C4-2
Removed Pin From Net: NetName=GTX116_RXP3 Pin=C5-2
Removed Pin From Net: NetName=GTX116_TXP2 Pin=C6-2
Removed Pin From Net: NetName=GTX116_TXN2 Pin=C7-2
Removed Pin From Net: NetName=GTX116_RXN2 Pin=C8-2
Removed Pin From Net: NetName=GTX116_RXP2 Pin=C9-2
Removed Pin From Net: NetName=GTX116_TXP1 Pin=C10-2
Removed Pin From Net: NetName=GTX116_TXN1 Pin=C11-2
Removed Pin From Net: NetName=GTX116_RXN1 Pin=C12-2
Removed Pin From Net: NetName=GTX116_RXP1 Pin=C13-2
Removed Pin From Net: NetName=+5VDC Pin=C14-1
Removed Pin From Net: NetName=DGND Pin=C14-2
Removed Pin From Net: NetName=+3.3VDD Pin=C15-1
Removed Pin From Net: NetName=DGND Pin=C15-2
Removed Pin From Net: NetName=GTX116_TXP0 Pin=C20-2
Removed Pin From Net: NetName=GTX116_TXN0 Pin=C21-2
Removed Pin From Net: NetName=GTX116_RXP0 Pin=C22-2
Removed Pin From Net: NetName=GTX116_RXN0 Pin=C23-2
Removed Pin From Net: NetName=GTX115_TXP1 Pin=C24-2
Removed Pin From Net: NetName=GTX115_TXN1 Pin=C25-2
Removed Pin From Net: NetName=GTX115_RXP1 Pin=C26-2
Removed Pin From Net: NetName=GTX115_RXN1 Pin=C27-2
Removed Pin From Net: NetName=GTX115_TXP0 Pin=C28-2
Removed Pin From Net: NetName=GTX115_TXN0 Pin=C29-2
Removed Pin From Net: NetName=GTX115_RXP0 Pin=C30-2
Removed Pin From Net: NetName=GTX115_RXN0 Pin=C31-2
Removed Pin From Net: NetName=+5VDC Pin=J1-1
Removed Pin From Net: NetName=DGND Pin=J1-2
Removed Pin From Net: NetName=MC1_B15_P0 Pin=J1A-1
Removed Pin From Net: NetName=MC1_B15_N0 Pin=J1A-2
Removed Pin From Net: NetName=MC1_B15_P1 Pin=J1A-3
Removed Pin From Net: NetName=MC1_B15_N1 Pin=J1A-4
Removed Pin From Net: NetName=MC1_B15_P2 Pin=J1A-5
Removed Pin From Net: NetName=MC1_B15_N2 Pin=J1A-6
Removed Pin From Net: NetName=MC1_B15_P3 Pin=J1A-7
Removed Pin From Net: NetName=MC1_B15_N3 Pin=J1A-8
Removed Pin From Net: NetName=MC1_B15_P4 Pin=J1A-9
Removed Pin From Net: NetName=MC1_B15_N4 Pin=J1A-10
Removed Pin From Net: NetName=MC1_B15_P5 Pin=J1A-11
Removed Pin From Net: NetName=MC1_B15_N5 Pin=J1A-12
Removed Pin From Net: NetName=MC1_B15_P6 Pin=J1A-13
Removed Pin From Net: NetName=MC1_B15_N6 Pin=J1A-14
Removed Pin From Net: NetName=MC1_B15_P7 Pin=J1A-15
Removed Pin From Net: NetName=MC1_B15_N7 Pin=J1A-16
Removed Pin From Net: NetName=MC1_B15_CLK_P Pin=J1A-17
Removed Pin From Net: NetName=MC1_B15_CLK_N Pin=J1A-18
Removed Pin From Net: NetName=MC1_B15_P8 Pin=J1A-19
Removed Pin From Net: NetName=MC1_B15_N8 Pin=J1A-20
Removed Pin From Net: NetName=MC1_B15_P9 Pin=J1A-21
Removed Pin From Net: NetName=MC1_B15_N9 Pin=J1A-22
Removed Pin From Net: NetName=MC1_B15_P10 Pin=J1A-23
Removed Pin From Net: NetName=MC1_B15_N10 Pin=J1A-24
Removed Pin From Net: NetName=MC1_B15_P11 Pin=J1A-25
Removed Pin From Net: NetName=MC1_B15_N11 Pin=J1A-26
Removed Pin From Net: NetName=MC1_B15_P12 Pin=J1A-27
Removed Pin From Net: NetName=MC1_B15_N12 Pin=J1A-28
Removed Pin From Net: NetName=MC1_B15_P13 Pin=J1A-29
Removed Pin From Net: NetName=MC1_B15_N13 Pin=J1A-30
Removed Pin From Net: NetName=MC1_B15_P14 Pin=J1A-31
Removed Pin From Net: NetName=MC1_B15_N14 Pin=J1A-32
Removed Pin From Net: NetName=MC1_B15_P15 Pin=J1A-33
Removed Pin From Net: NetName=MC1_B15_N15 Pin=J1A-34
Removed Pin From Net: NetName=MC1_B15_P16 Pin=J1A-35
Removed Pin From Net: NetName=MC1_B15_N16 Pin=J1A-36
Removed Pin From Net: NetName=MC1_B15_P17 Pin=J1A-37
Removed Pin From Net: NetName=MC1_B15_N17 Pin=J1A-38
Removed Pin From Net: NetName=MC1_B15_P18 Pin=J1A-39
Removed Pin From Net: NetName=MC1_B15_N18 Pin=J1A-40
Removed Pin From Net: NetName=DGND Pin=J1B-1
Removed Pin From Net: NetName=DGND Pin=J1B-2
Removed Pin From Net: NetName=DGND Pin=J1B-3
Removed Pin From Net: NetName=DGND Pin=J1B-4
Removed Pin From Net: NetName=DGND Pin=J1B-5
Removed Pin From Net: NetName=DGND Pin=J1B-6
Removed Pin From Net: NetName=DGND Pin=J1B-7
Removed Pin From Net: NetName=DGND Pin=J1B-8
Removed Pin From Net: NetName=MC1_B15_X7 Pin=J1B-9
Removed Pin From Net: NetName=MC1_B15_X6 Pin=J1B-10
Removed Pin From Net: NetName=MC1_B15_X5 Pin=J1B-11
Removed Pin From Net: NetName=MC1_B15_X4 Pin=J1B-12
Removed Pin From Net: NetName=MC1_B15_X3 Pin=J1B-13
Removed Pin From Net: NetName=MC1_B15_X2 Pin=J1B-14
Removed Pin From Net: NetName=MC1_B15_X1 Pin=J1B-15
Removed Pin From Net: NetName=MC1_B15_X0 Pin=J1B-16
Removed Pin From Net: NetName=DGND Pin=J1B-17
Removed Pin From Net: NetName=DGND Pin=J1B-18
Removed Pin From Net: NetName=VADJ1 Pin=J1B-19
Removed Pin From Net: NetName=VADJ1 Pin=J1B-20
Removed Pin From Net: NetName=MC1_B16_P0 Pin=J1C-1
Removed Pin From Net: NetName=MC1_B16_N0 Pin=J1C-2
Removed Pin From Net: NetName=MC1_B16_P1 Pin=J1C-3
Removed Pin From Net: NetName=MC1_B16_N1 Pin=J1C-4
Removed Pin From Net: NetName=MC1_B16_P2 Pin=J1C-5
Removed Pin From Net: NetName=MC1_B16_N2 Pin=J1C-6
Removed Pin From Net: NetName=MC1_B16_P3 Pin=J1C-7
Removed Pin From Net: NetName=MC1_B16_N3 Pin=J1C-8
Removed Pin From Net: NetName=MC1_B16_P4 Pin=J1C-9
Removed Pin From Net: NetName=MC1_B16_N4 Pin=J1C-10
Removed Pin From Net: NetName=MC1_B16_P5 Pin=J1C-11
Removed Pin From Net: NetName=MC1_B16_N5 Pin=J1C-12
Removed Pin From Net: NetName=MC1_B16_P6 Pin=J1C-13
Removed Pin From Net: NetName=MC1_B16_N6 Pin=J1C-14
Removed Pin From Net: NetName=MC1_B16_P7 Pin=J1C-15
Removed Pin From Net: NetName=MC1_B16_N7 Pin=J1C-16
Removed Pin From Net: NetName=MC1_B16_CLK_P Pin=J1C-17
Removed Pin From Net: NetName=MC1_B16_CLK_N Pin=J1C-18
Removed Pin From Net: NetName=MC1_B16_P8 Pin=J1C-19
Removed Pin From Net: NetName=MC1_B16_N8 Pin=J1C-20
Removed Pin From Net: NetName=MC1_B16_P9 Pin=J1C-21
Removed Pin From Net: NetName=MC1_B16_N9 Pin=J1C-22
Removed Pin From Net: NetName=MC1_B16_P10 Pin=J1C-23
Removed Pin From Net: NetName=MC1_B16_N10 Pin=J1C-24
Removed Pin From Net: NetName=MC1_B16_P11 Pin=J1C-25
Removed Pin From Net: NetName=MC1_B16_N11 Pin=J1C-26
Removed Pin From Net: NetName=MC1_B16_P12 Pin=J1C-27
Removed Pin From Net: NetName=MC1_B16_N12 Pin=J1C-28
Removed Pin From Net: NetName=MC1_B16_P13 Pin=J1C-29
Removed Pin From Net: NetName=MC1_B16_N13 Pin=J1C-30
Removed Pin From Net: NetName=MC1_B16_P14 Pin=J1C-31
Removed Pin From Net: NetName=MC1_B16_N14 Pin=J1C-32
Removed Pin From Net: NetName=MC1_B16_P15 Pin=J1C-33
Removed Pin From Net: NetName=MC1_B16_N15 Pin=J1C-34
Removed Pin From Net: NetName=MC1_B16_P16 Pin=J1C-35
Removed Pin From Net: NetName=MC1_B16_N16 Pin=J1C-36
Removed Pin From Net: NetName=MC1_B16_P17 Pin=J1C-37
Removed Pin From Net: NetName=MC1_B16_N17 Pin=J1C-38
Removed Pin From Net: NetName=MC1_B16_P18 Pin=J1C-39
Removed Pin From Net: NetName=MC1_B16_N18 Pin=J1C-40
Removed Pin From Net: NetName=DGND Pin=J1D-1
Removed Pin From Net: NetName=DGND Pin=J1D-2
Removed Pin From Net: NetName=DGND Pin=J1D-3
Removed Pin From Net: NetName=DGND Pin=J1D-4
Removed Pin From Net: NetName=DGND Pin=J1D-5
Removed Pin From Net: NetName=DGND Pin=J1D-6
Removed Pin From Net: NetName=DGND Pin=J1D-7
Removed Pin From Net: NetName=DGND Pin=J1D-8
Removed Pin From Net: NetName=MC1_B16_X7 Pin=J1D-9
Removed Pin From Net: NetName=MC1_B16_X6 Pin=J1D-10
Removed Pin From Net: NetName=MC1_B16_X5 Pin=J1D-11
Removed Pin From Net: NetName=MC1_B16_X4 Pin=J1D-12
Removed Pin From Net: NetName=MC1_B16_X3 Pin=J1D-13
Removed Pin From Net: NetName=MC1_B16_X2 Pin=J1D-14
Removed Pin From Net: NetName=MC1_B16_X1 Pin=J1D-15
Removed Pin From Net: NetName=MC1_B16_X0 Pin=J1D-16
Removed Pin From Net: NetName=DGND Pin=J1D-17
Removed Pin From Net: NetName=MC1_VREF1 Pin=J1D-18
Removed Pin From Net: NetName=VADJ1 Pin=J1D-19
Removed Pin From Net: NetName=VADJ1 Pin=J1D-20
Removed Pin From Net: NetName=DGND Pin=J2-1
Removed Pin From Net: NetName=MC1_B15_X0 Pin=J2-2
Removed Pin From Net: NetName=MC1_B15_X1 Pin=J2-3
Removed Pin From Net: NetName=MC1_B15_X2 Pin=J2-4
Removed Pin From Net: NetName=MC1_B15_X3 Pin=J2-5
Removed Pin From Net: NetName=MC1_B15_X4 Pin=J2-6
Removed Pin From Net: NetName=MC1_B15_X5 Pin=J2-7
Removed Pin From Net: NetName=MC1_B15_X6 Pin=J2-8
Removed Pin From Net: NetName=DGND Pin=J2-9
Removed Pin From Net: NetName=DGND Pin=J2-10
Removed Pin From Net: NetName=DGND Pin=J2-11
Removed Pin From Net: NetName=GTX115_RXP3 Pin=J2-12
Removed Pin From Net: NetName=GTX115_RXN3 Pin=J2-13
Removed Pin From Net: NetName=DGND Pin=J2-14
Removed Pin From Net: NetName=+3.3VDD Pin=J2-15
Removed Pin From Net: NetName=+3.3VDD Pin=J2-16
Removed Pin From Net: NetName=DGND Pin=J2-17
Removed Pin From Net: NetName=GTX115_TXP3 Pin=J2-18
Removed Pin From Net: NetName=GTX115_TXN3 Pin=J2-19
Removed Pin From Net: NetName=DGND Pin=J2-20
Removed Pin From Net: NetName=MC2_B12_P0 Pin=J2A-1
Removed Pin From Net: NetName=MC2_B12_N0 Pin=J2A-2
Removed Pin From Net: NetName=MC2_B12_P1 Pin=J2A-3
Removed Pin From Net: NetName=MC2_B12_N1 Pin=J2A-4
Removed Pin From Net: NetName=MC2_B12_P2 Pin=J2A-5
Removed Pin From Net: NetName=MC2_B12_N2 Pin=J2A-6
Removed Pin From Net: NetName=MC2_B12_P3 Pin=J2A-7
Removed Pin From Net: NetName=MC2_B12_N3 Pin=J2A-8
Removed Pin From Net: NetName=MC2_B12_P4 Pin=J2A-9
Removed Pin From Net: NetName=MC2_B12_N4 Pin=J2A-10
Removed Pin From Net: NetName=MC2_B12_P5 Pin=J2A-11
Removed Pin From Net: NetName=MC2_B12_N5 Pin=J2A-12
Removed Pin From Net: NetName=MC2_B12_P6 Pin=J2A-13
Removed Pin From Net: NetName=MC2_B12_N6 Pin=J2A-14
Removed Pin From Net: NetName=MC2_B12_P7 Pin=J2A-15
Removed Pin From Net: NetName=MC2_B12_N7 Pin=J2A-16
Removed Pin From Net: NetName=MC2_B12_CLK_P Pin=J2A-17
Removed Pin From Net: NetName=MC2_B12_CLK_N Pin=J2A-18
Removed Pin From Net: NetName=MC2_B12_P8 Pin=J2A-19
Removed Pin From Net: NetName=MC2_B12_N8 Pin=J2A-20
Removed Pin From Net: NetName=MC2_B12_P9 Pin=J2A-21
Removed Pin From Net: NetName=MC2_B12_N9 Pin=J2A-22
Removed Pin From Net: NetName=MC2_B12_P10 Pin=J2A-23
Removed Pin From Net: NetName=MC2_B12_N10 Pin=J2A-24
Removed Pin From Net: NetName=MC2_B12_P11 Pin=J2A-25
Removed Pin From Net: NetName=MC2_B12_N11 Pin=J2A-26
Removed Pin From Net: NetName=MC2_B12_P12 Pin=J2A-27
Removed Pin From Net: NetName=MC2_B12_N12 Pin=J2A-28
Removed Pin From Net: NetName=MC2_B12_P13 Pin=J2A-29
Removed Pin From Net: NetName=MC2_B12_N13 Pin=J2A-30
Removed Pin From Net: NetName=MC2_B12_P14 Pin=J2A-31
Removed Pin From Net: NetName=MC2_B12_N14 Pin=J2A-32
Removed Pin From Net: NetName=MC2_B12_P15 Pin=J2A-33
Removed Pin From Net: NetName=MC2_B12_N15 Pin=J2A-34
Removed Pin From Net: NetName=MC2_B12_P16 Pin=J2A-35
Removed Pin From Net: NetName=MC2_B12_N16 Pin=J2A-36
Removed Pin From Net: NetName=MC2_B12_P17 Pin=J2A-37
Removed Pin From Net: NetName=MC2_B12_N17 Pin=J2A-38
Removed Pin From Net: NetName=MC2_B12_P18 Pin=J2A-39
Removed Pin From Net: NetName=MC2_B12_N18 Pin=J2A-40
Removed Pin From Net: NetName=DGND Pin=J2B-1
Removed Pin From Net: NetName=DGND Pin=J2B-2
Removed Pin From Net: NetName=DGND Pin=J2B-3
Removed Pin From Net: NetName=DGND Pin=J2B-4
Removed Pin From Net: NetName=DGND Pin=J2B-5
Removed Pin From Net: NetName=DGND Pin=J2B-6
Removed Pin From Net: NetName=MC2_B12_X9 Pin=J2B-7
Removed Pin From Net: NetName=MC2_B12_X8 Pin=J2B-8
Removed Pin From Net: NetName=MC2_B12_X7 Pin=J2B-9
Removed Pin From Net: NetName=MC2_B12_X6 Pin=J2B-10
Removed Pin From Net: NetName=MC2_B12_X5 Pin=J2B-11
Removed Pin From Net: NetName=MC2_B12_X4 Pin=J2B-12
Removed Pin From Net: NetName=MC2_B12_X3 Pin=J2B-13
Removed Pin From Net: NetName=MC2_B12_X2 Pin=J2B-14
Removed Pin From Net: NetName=MC2_B12_X1 Pin=J2B-15
Removed Pin From Net: NetName=MC2_B12_X0 Pin=J2B-16
Removed Pin From Net: NetName=DGND Pin=J2B-17
Removed Pin From Net: NetName=DGND Pin=J2B-18
Removed Pin From Net: NetName=VADJ2 Pin=J2B-19
Removed Pin From Net: NetName=VADJ2 Pin=J2B-20
Removed Pin From Net: NetName=MC2_B32_P0 Pin=J2C-1
Removed Pin From Net: NetName=MC2_B32_N0 Pin=J2C-2
Removed Pin From Net: NetName=MC2_B32_P1 Pin=J2C-3
Removed Pin From Net: NetName=MC2_B32_N1 Pin=J2C-4
Removed Pin From Net: NetName=MC2_B32_P2 Pin=J2C-5
Removed Pin From Net: NetName=MC2_B32_N2 Pin=J2C-6
Removed Pin From Net: NetName=MC2_B32_P3 Pin=J2C-7
Removed Pin From Net: NetName=MC2_B32_N3 Pin=J2C-8
Removed Pin From Net: NetName=MC2_B32_P4 Pin=J2C-9
Removed Pin From Net: NetName=MC2_B32_N4 Pin=J2C-10
Removed Pin From Net: NetName=MC2_B32_P5 Pin=J2C-11
Removed Pin From Net: NetName=MC2_B32_N5 Pin=J2C-12
Removed Pin From Net: NetName=MC2_B32_P6 Pin=J2C-13
Removed Pin From Net: NetName=MC2_B32_N6 Pin=J2C-14
Removed Pin From Net: NetName=MC2_B32_P7 Pin=J2C-15
Removed Pin From Net: NetName=MC2_B32_N7 Pin=J2C-16
Removed Pin From Net: NetName=MC2_B32_CLK_P Pin=J2C-17
Removed Pin From Net: NetName=MC2_B32_CLK_N Pin=J2C-18
Removed Pin From Net: NetName=MC2_B32_P8 Pin=J2C-19
Removed Pin From Net: NetName=MC2_B32_N8 Pin=J2C-20
Removed Pin From Net: NetName=MC2_B32_P9 Pin=J2C-21
Removed Pin From Net: NetName=MC2_B32_N9 Pin=J2C-22
Removed Pin From Net: NetName=MC2_B32_P10 Pin=J2C-23
Removed Pin From Net: NetName=MC2_B32_N10 Pin=J2C-24
Removed Pin From Net: NetName=MC2_B32_P11 Pin=J2C-25
Removed Pin From Net: NetName=MC2_B32_N11 Pin=J2C-26
Removed Pin From Net: NetName=MC2_B32_P12 Pin=J2C-27
Removed Pin From Net: NetName=MC2_B32_N12 Pin=J2C-28
Removed Pin From Net: NetName=MC2_B32_P13 Pin=J2C-29
Removed Pin From Net: NetName=MC2_B32_N13 Pin=J2C-30
Removed Pin From Net: NetName=MC2_B32_P14 Pin=J2C-31
Removed Pin From Net: NetName=MC2_B32_N14 Pin=J2C-32
Removed Pin From Net: NetName=MC2_B32_P15 Pin=J2C-33
Removed Pin From Net: NetName=MC2_B32_N15 Pin=J2C-34
Removed Pin From Net: NetName=MC2_B32_P16 Pin=J2C-35
Removed Pin From Net: NetName=MC2_B32_N16 Pin=J2C-36
Removed Pin From Net: NetName=MC2_B32_P17 Pin=J2C-37
Removed Pin From Net: NetName=MC2_B32_N17 Pin=J2C-38
Removed Pin From Net: NetName=MC2_B32_P18 Pin=J2C-39
Removed Pin From Net: NetName=MC2_B32_N18 Pin=J2C-40
Removed Pin From Net: NetName=DGND Pin=J2D-1
Removed Pin From Net: NetName=DGND Pin=J2D-2
Removed Pin From Net: NetName=DGND Pin=J2D-3
Removed Pin From Net: NetName=DGND Pin=J2D-4
Removed Pin From Net: NetName=DGND Pin=J2D-5
Removed Pin From Net: NetName=DGND Pin=J2D-6
Removed Pin From Net: NetName=DGND Pin=J2D-7
Removed Pin From Net: NetName=DGND Pin=J2D-8
Removed Pin From Net: NetName=DGND Pin=J2D-9
Removed Pin From Net: NetName=MC2_B32_X6 Pin=J2D-10
Removed Pin From Net: NetName=MC2_B32_X5 Pin=J2D-11
Removed Pin From Net: NetName=MC2_B32_X4 Pin=J2D-12
Removed Pin From Net: NetName=MC2_B32_X3 Pin=J2D-13
Removed Pin From Net: NetName=MC2_B32_X2 Pin=J2D-14
Removed Pin From Net: NetName=MC2_B32_X1 Pin=J2D-15
Removed Pin From Net: NetName=MC2_B32_X0 Pin=J2D-16
Removed Pin From Net: NetName=DGND Pin=J2D-17
Removed Pin From Net: NetName=MC2_VREF3 Pin=J2D-18
Removed Pin From Net: NetName=VADJ3 Pin=J2D-19
Removed Pin From Net: NetName=VADJ3 Pin=J2D-20
Removed Pin From Net: NetName=+3.3VDD Pin=J2E-1
Removed Pin From Net: NetName=+5VDC Pin=J2E-2
Removed Pin From Net: NetName=+3.3VDD Pin=J2E-3
Removed Pin From Net: NetName=+5VDC Pin=J2E-4
Removed Pin From Net: NetName=+3.3VDD Pin=J2E-5
Removed Pin From Net: NetName=+5VDC Pin=J2E-6
Removed Pin From Net: NetName=+3.3VDD Pin=J2E-7
Removed Pin From Net: NetName=+5VDC Pin=J2E-8
Removed Pin From Net: NetName=+1.8VDD Pin=J2E-9
Removed Pin From Net: NetName=VCCBATT Pin=J2E-10
Removed Pin From Net: NetName=+1.8VDD Pin=J2E-11
Removed Pin From Net: NetName=FX3_SDA Pin=J2E-12
Removed Pin From Net: NetName=+1.0VDD Pin=J2E-13
Removed Pin From Net: NetName=FX3_SCL Pin=J2E-14
Removed Pin From Net: NetName=+1.0VDD Pin=J2E-15
Removed Pin From Net: NetName=PRSNT_M2C Pin=J2E-16
Removed Pin From Net: NetName=ADC_VP_X Pin=J2E-17
Removed Pin From Net: NetName=DGND Pin=J2E-18
Removed Pin From Net: NetName=ADC_VN_X Pin=J2E-19
Removed Pin From Net: NetName=DGND Pin=J2E-20
Removed Pin From Net: NetName=DGND Pin=J3-1
Removed Pin From Net: NetName=MC1_B16_X0 Pin=J3-2
Removed Pin From Net: NetName=MC1_B16_X1 Pin=J3-3
Removed Pin From Net: NetName=MC1_B16_X2 Pin=J3-4
Removed Pin From Net: NetName=MC1_B16_X3 Pin=J3-5
Removed Pin From Net: NetName=MC1_B16_X4 Pin=J3-6
Removed Pin From Net: NetName=MC1_B16_X5 Pin=J3-7
Removed Pin From Net: NetName=MC1_B16_X6 Pin=J3-8
Removed Pin From Net: NetName=DGND Pin=J3-9
Removed Pin From Net: NetName=DGND Pin=J3-10
Removed Pin From Net: NetName=DGND Pin=J3-11
Removed Pin From Net: NetName=GTX115_RXP2 Pin=J3-12
Removed Pin From Net: NetName=GTX115_RXN2 Pin=J3-13
Removed Pin From Net: NetName=DGND Pin=J3-14
Removed Pin From Net: NetName=+3.3VDD Pin=J3-15
Removed Pin From Net: NetName=+3.3VDD Pin=J3-16
Removed Pin From Net: NetName=DGND Pin=J3-17
Removed Pin From Net: NetName=GTX115_TXP2 Pin=J3-18
Removed Pin From Net: NetName=GTX115_TXN2 Pin=J3-19
Removed Pin From Net: NetName=DGND Pin=J3-20
Removed Pin From Net: NetName=DGND Pin=J4-2
Removed Pin From Net: NetName=DGND Pin=J4-2
Removed Pin From Net: NetName=DGND Pin=J4-2
Removed Pin From Net: NetName=DGND Pin=J4-2
Removed Pin From Net: NetName=DGND Pin=J5-2
Removed Pin From Net: NetName=DGND Pin=J5-2
Removed Pin From Net: NetName=DGND Pin=J5-2
Removed Pin From Net: NetName=DGND Pin=J5-2
Removed Pin From Net: NetName=DGND Pin=J6-2
Removed Pin From Net: NetName=DGND Pin=J6-2
Removed Pin From Net: NetName=DGND Pin=J6-2
Removed Pin From Net: NetName=DGND Pin=J6-2
Removed Pin From Net: NetName=DGND Pin=J7-2
Removed Pin From Net: NetName=DGND Pin=J7-2
Removed Pin From Net: NetName=DGND Pin=J7-2
Removed Pin From Net: NetName=DGND Pin=J7-2
Removed Pin From Net: NetName=DGND Pin=J8-2
Removed Pin From Net: NetName=DGND Pin=J8-2
Removed Pin From Net: NetName=DGND Pin=J9-2
Removed Pin From Net: NetName=DGND Pin=J9-2
Removed Pin From Net: NetName=DGND Pin=J10-2
Removed Pin From Net: NetName=DGND Pin=J10-2
Removed Pin From Net: NetName=DGND Pin=J11-2
Removed Pin From Net: NetName=DGND Pin=J11-2
Removed Pin From Net: NetName=DGND Pin=J12-2
Removed Pin From Net: NetName=DGND Pin=J12-2
Removed Pin From Net: NetName=DGND Pin=J13-2
Removed Pin From Net: NetName=DGND Pin=J13-2
Removed Pin From Net: NetName=DGND Pin=J14-2
Removed Pin From Net: NetName=DGND Pin=J14-2
Removed Pin From Net: NetName=DGND Pin=J15-2
Removed Pin From Net: NetName=DGND Pin=J15-2
Removed Pin From Net: NetName=DGND Pin=J16-1
Removed Pin From Net: NetName=DGND Pin=J16-4
Removed Pin From Net: NetName=DGND Pin=J16-7
Removed Pin From Net: NetName=DGND Pin=J17-1
Removed Pin From Net: NetName=DGND Pin=J17-4
Removed Pin From Net: NetName=DGND Pin=J17-7
Removed Pin From Net: NetName=DGND Pin=J18-1
Removed Pin From Net: NetName=DGND Pin=J18-4
Removed Pin From Net: NetName=DGND Pin=J18-7
Removed Pin From Net: NetName=GTX116_REFCLK0P Pin=J19-1
Removed Pin From Net: NetName=DGND Pin=J19-2
Removed Pin From Net: NetName=DGND Pin=J19-2
Removed Pin From Net: NetName=DGND Pin=J19-2
Removed Pin From Net: NetName=DGND Pin=J19-2
Removed Pin From Net: NetName=GTX116_REFCLK0N Pin=J20-1
Removed Pin From Net: NetName=DGND Pin=J20-2
Removed Pin From Net: NetName=DGND Pin=J20-2
Removed Pin From Net: NetName=DGND Pin=J20-2
Removed Pin From Net: NetName=DGND Pin=J20-2
Removed Pin From Net: NetName=DGND Pin=J21-1
Removed Pin From Net: NetName=+1.8VDD Pin=J21-2
Removed Pin From Net: NetName=DGND Pin=J21-3
Removed Pin From Net: NetName=JTAG_TMS Pin=J21-4
Removed Pin From Net: NetName=DGND Pin=J21-5
Removed Pin From Net: NetName=JTAG_TCK Pin=J21-6
Removed Pin From Net: NetName=DGND Pin=J21-7
Removed Pin From Net: NetName=JTAG_TDO Pin=J21-8
Removed Pin From Net: NetName=DGND Pin=J21-9
Removed Pin From Net: NetName=JTAG_TDI Pin=J21-10
Removed Pin From Net: NetName=DGND Pin=J21-11
Removed Pin From Net: NetName=DGND Pin=J21-13
Removed Pin From Net: NetName=MC1_B15_X2 Pin=R1-1
Removed Pin From Net: NetName=+3.3VDD Pin=R1-2
Removed Pin From Net: NetName=MC1_B15_X3 Pin=R2-1
Removed Pin From Net: NetName=+3.3VDD Pin=R2-2
Removed Pin From Net: NetName=MC1_B15_X4 Pin=R3-1
Removed Pin From Net: NetName=+3.3VDD Pin=R3-2
Removed Pin From Net: NetName=MC1_B15_X5 Pin=R4-1
Removed Pin From Net: NetName=+3.3VDD Pin=R4-2
Removed Pin From Net: NetName=MC1_B15_X6 Pin=R5-1
Removed Pin From Net: NetName=+3.3VDD Pin=R5-2
Removed Pin From Net: NetName=MC1_B15_X1 Pin=R6-1
Removed Pin From Net: NetName=DGND Pin=R6-2
Removed Pin From Net: NetName=MC1_B15_X5 Pin=R7-1
Removed Pin From Net: NetName=DGND Pin=R7-2
Removed Pin From Net: NetName=+3.3VDD Pin=R8-1
Removed Pin From Net: NetName=MC1_B16_X2 Pin=R8-2
Removed Pin From Net: NetName=+3.3VDD Pin=R9-1
Removed Pin From Net: NetName=MC1_B16_X3 Pin=R9-2
Removed Pin From Net: NetName=+3.3VDD Pin=R10-1
Removed Pin From Net: NetName=MC1_B16_X4 Pin=R10-2
Removed Pin From Net: NetName=+3.3VDD Pin=R11-1
Removed Pin From Net: NetName=MC1_B16_X5 Pin=R11-2
Removed Pin From Net: NetName=+3.3VDD Pin=R12-1
Removed Pin From Net: NetName=MC1_B16_X6 Pin=R12-2
Removed Pin From Net: NetName=MC1_B16_X1 Pin=R13-1
Removed Pin From Net: NetName=DGND Pin=R13-2
Removed Pin From Net: NetName=MC1_B16_X5 Pin=R14-1
Removed Pin From Net: NetName=DGND Pin=R14-2
Removed Pin From Net: NetName=GTX115_REFCLK0N Pin=R16-1
Removed Pin From Net: NetName=GTX115_REFCLK0P Pin=R16-2
Removed Pin From Net: NetName=+3.3VDD Pin=R22-1
Removed Pin From Net: NetName=DGND Pin=R23-2
Removed Pin From Net: NetName=+3.3VDD Pin=R24-1
Removed Pin From Net: NetName=DGND Pin=R25-2
Removed Pin From Net: NetName=+3.3VDD Pin=R26-1
Removed Pin From Net: NetName=DGND Pin=R27-2
Removed Pin From Net: NetName=VADJ1 Pin=TP1-1
Removed Pin From Net: NetName=+5VDC Pin=TP2-1
Removed Pin From Net: NetName=+3.3VDD Pin=TP3-1
Removed Pin From Net: NetName=+1.8VDD Pin=TP4-1
Removed Pin From Net: NetName=+1.0VDD Pin=TP5-1
Removed Pin From Net: NetName=VADJ2 Pin=TP9-1
Removed Pin From Net: NetName=VADJ3 Pin=TP10-1
Removed Pin From Net: NetName=DGND Pin=TP11-1
Removed Pin From Net: NetName=DGND Pin=TP12-1
Removed Pin From Net: NetName=DGND Pin=TP13-1
Removed Pin From Net: NetName=DGND Pin=TP14-1
Removed Pin From Net: NetName=+3.3VDD Pin=U3-1
Removed Pin From Net: NetName=DGND Pin=U3-3
Removed Pin From Net: NetName=GTX115_REFCLK0P Pin=U3-4
Removed Pin From Net: NetName=GTX115_REFCLK0N Pin=U3-5
Removed Pin From Net: NetName=+3.3VDD Pin=U3-6
Removed Pin From Net: NetName=DGND Pin=U5-4
Removed Pin From Net: NetName=FX3_SDA Pin=U5-5
Removed Pin From Net: NetName=FX3_SCL Pin=U5-6
Removed Pin From Net: NetName=DGND Pin=U5-7
Removed Pin From Net: NetName=+3.3VDD Pin=U5-8
Removed Member From Class: ClassName=MC2 Member=C14
Removed Member From Class: ClassName=MC2 Member=C15
Removed Member From Class: ClassName=MC2 Member=J1
Removed Member From Class: ClassName=MC2 Member=J2A
Removed Member From Class: ClassName=MC2 Member=J2B
Removed Member From Class: ClassName=MC2 Member=J2C
Removed Member From Class: ClassName=MC2 Member=J2D
Removed Member From Class: ClassName=MC2 Member=J2E
Removed Member From Class: ClassName=MC2 Member=J21
Removed Member From Class: ClassName=MC2 Member=R22
Removed Member From Class: ClassName=MC2 Member=R23
Removed Member From Class: ClassName=MC2 Member=R24
Removed Member From Class: ClassName=MC2 Member=R25
Removed Member From Class: ClassName=MC2 Member=R26
Removed Member From Class: ClassName=MC2 Member=R27
Removed Member From Class: ClassName=MC2 Member=TP2
Removed Member From Class: ClassName=MC2 Member=TP3
Removed Member From Class: ClassName=MC2 Member=TP4
Removed Member From Class: ClassName=MC2 Member=TP5
Removed Member From Class: ClassName=MC2 Member=TP9
Removed Member From Class: ClassName=MC2 Member=TP10
Removed Member From Class: ClassName=MC2 Member=TP11
Removed Member From Class: ClassName=MC2 Member=TP12
Removed Member From Class: ClassName=MC2 Member=TP13
Removed Member From Class: ClassName=MC2 Member=TP14
Removed Member From Class: ClassName=MC2 Member=U5
Change component parameters: Designator = "MC1"; Footprint = "QTH-090-01-X-D"; UniqueID = "\PYOLLPUL"
Change component parameters. Clean all parameters for all variants
Change component parameters (AddParameter): Name = "Description 2"; Value = "180-pin, ground plane in middle"; VariantName = "[No Variations]"
Change component parameters (AddParameter): Name = "Manufacturer"; Value = "Samtec"; VariantName = "[No Variations]"
Change component parameters (AddParameter): Name = "Manufacturer_PN"; Value = "QTH-090-01-F-D-A"; VariantName = "[No Variations]"
Change component parameters (AddParameter): Name = "partnumber"; Value = "000876"; VariantName = "[No Variations]"
Change component parameters (AddParameter): Name = "updated_on"; Value = "3/23/2015 1:16:30 PM"; VariantName = "[No Variations]"
Change component parameters: Designator = "MC2"; Footprint = "QTH-090-01-X-D"; UniqueID = "\VDCPNTAA"
Change component parameters. Clean all parameters for all variants
Change component parameters (AddParameter): Name = "Description 2"; Value = "180-pin, ground plane in middle"; VariantName = "[No Variations]"
Change component parameters (AddParameter): Name = "Manufacturer"; Value = "Samtec"; VariantName = "[No Variations]"
Change component parameters (AddParameter): Name = "Manufacturer_PN"; Value = "QTH-090-01-F-D-A"; VariantName = "[No Variations]"
Change component parameters (AddParameter): Name = "partnumber"; Value = "000876"; VariantName = "[No Variations]"
Change component parameters (AddParameter): Name = "updated_on"; Value = "3/23/2015 1:16:30 PM"; VariantName = "[No Variations]"
Change component parameters: Designator = "TP6"; Footprint = "TP_MED"; UniqueID = "\CILEKWUL"
Change component parameters. Clean all parameters for all variants
Change component parameters (AddParameter): Name = "Description 2"; Value = "0.063 in. diameter, compact, White"; VariantName = "[No Variations]"
Change component parameters (AddParameter): Name = "Manufacturer"; Value = "Keystone Electronics"; VariantName = "[No Variations]"
Change component parameters (AddParameter): Name = "Manufacturer_PN"; Value = "5007"; VariantName = "[No Variations]"
Change component parameters (AddParameter): Name = "NoLoad"; Value = "NoLoad"; VariantName = "[No Variations]"
Change component parameters (AddParameter): Name = "partnumber"; Value = "000265"; VariantName = "[No Variations]"
Change component parameters (AddParameter): Name = "updated_on"; Value = "1/24/2015 12:30:04 PM"; VariantName = "[No Variations]"
Change component parameters: Designator = "R28"; Footprint = "RESC1608N"; UniqueID = "\RGFNFVRC"
Change component parameters. Clean all parameters for all variants
Change component parameters (AddParameter): Name = "Description 2"; Value = "SM-0603, 1/10W, 20 mOhm max"; VariantName = "[No Variations]"
Change component parameters (AddParameter): Name = "Manufacturer"; Value = "Vishay"; VariantName = "[No Variations]"
Change component parameters (AddParameter): Name = "Manufacturer_PN"; Value = "CRCW06030000Z0EA"; VariantName = "[No Variations]"
Change component parameters (AddParameter): Name = "partnumber"; Value = "000411"; VariantName = "[No Variations]"
Change component parameters (AddParameter): Name = "Revision"; Value = ""; VariantName = "[No Variations]"
Change component parameters (AddParameter): Name = "updated_on"; Value = "2/12/2015 9:26:27 AM"; VariantName = "[No Variations]"
Change component parameters (AddParameter): Name = "Value"; Value = "0"; VariantName = "[No Variations]"
Change component parameters (AddParameter): Name = "ValueFloat"; Value = "0"; VariantName = "[No Variations]"
Change Class Name : Old Net Name=MC2 New Net Name=Top
Added Member To Class: ClassName=Top Member=Component MC1 QTH-090-01-F-D-A
